TN:
SF:src/MultiUtilityNFT.sol
DA:37,6
FN:37,MultiUtilityNFT.constructor
FNDA:6,MultiUtilityNFT.constructor
DA:45,6
DA:46,6
DA:47,6
DA:48,6
DA:51,6
FN:51,MultiUtilityNFT.setPhase
FNDA:6,MultiUtilityNFT.setPhase
DA:52,6
DA:55,4
FN:55,MultiUtilityNFT.setMerkleRoots
FNDA:4,MultiUtilityNFT.setMerkleRoots
DA:56,4
DA:57,4
DA:60,2
FN:60,MultiUtilityNFT.mintPhase1
FNDA:2,MultiUtilityNFT.mintPhase1
DA:61,2
BRDA:61,0,0,-
BRDA:61,0,1,2
DA:62,2
DA:63,2
BRDA:63,1,0,-
BRDA:63,1,1,2
DA:64,2
DA:67,2
FN:67,MultiUtilityNFT.mintPhase2
FNDA:2,MultiUtilityNFT.mintPhase2
DA:68,2
BRDA:68,2,0,-
BRDA:68,2,1,2
DA:69,2
DA:70,2
BRDA:70,3,0,-
BRDA:70,3,1,2
DA:72,2
DA:73,2
DA:75,2
DA:77,2
BRDA:77,4,0,-
BRDA:77,4,1,2
DA:78,2
BRDA:78,5,0,-
BRDA:78,5,1,2
DA:79,2
DA:81,2
DA:82,2
DA:85,2
FN:85,MultiUtilityNFT.mintPhase3
FNDA:2,MultiUtilityNFT.mintPhase3
DA:86,2
BRDA:86,6,0,-
BRDA:86,6,1,2
DA:87,2
DA:88,2
DA:91,0
FN:91,MultiUtilityNFT.createVestingStream
FNDA:0,MultiUtilityNFT.createVestingStream
DA:92,0
DA:93,0
DA:94,0
DA:97,6
FN:97,MultiUtilityNFT._mintNFT
FNDA:6,MultiUtilityNFT._mintNFT
DA:98,6
DA:99,6
DA:100,6
FNF:8
FNH:7
LF:39
LH:35
BRF:14
BRH:7
end_of_record
TN:
SF:src/PaymentToken.sol
DA:7,6
FN:7,PaymentToken.constructor
FNDA:6,PaymentToken.constructor
DA:8,6
FNF:1
FNH:1
LF:2
LH:2
BRF:0
BRH:0
end_of_record
TN:
SF:src/~MultiUtilityNFT.sol
DA:37,0
FN:37,MultiUtilityNFT.constructor
FNDA:0,MultiUtilityNFT.constructor
DA:45,0
DA:46,0
DA:47,0
DA:48,0
DA:51,0
FN:51,MultiUtilityNFT.setPhase
FNDA:0,MultiUtilityNFT.setPhase
DA:52,0
DA:55,0
FN:55,MultiUtilityNFT.setMerkleRoots
FNDA:0,MultiUtilityNFT.setMerkleRoots
DA:56,0
DA:57,0
DA:60,0
FN:60,MultiUtilityNFT.mintPhase1
FNDA:0,MultiUtilityNFT.mintPhase1
DA:61,0
BRDA:61,0,0,-
BRDA:61,0,1,-
DA:62,0
DA:63,0
BRDA:63,1,0,-
BRDA:63,1,1,-
DA:64,0
DA:67,0
FN:67,MultiUtilityNFT.mintPhase2
FNDA:0,MultiUtilityNFT.mintPhase2
DA:68,0
BRDA:68,2,0,-
BRDA:68,2,1,-
DA:69,0
DA:70,0
BRDA:70,3,0,-
BRDA:70,3,1,-
DA:72,0
DA:73,0
DA:75,0
DA:77,0
BRDA:77,4,0,-
BRDA:77,4,1,-
DA:78,0
BRDA:78,5,0,-
BRDA:78,5,1,-
DA:79,0
DA:81,0
DA:82,0
DA:85,0
FN:85,MultiUtilityNFT.mintPhase3
FNDA:0,MultiUtilityNFT.mintPhase3
DA:86,0
BRDA:86,6,0,-
BRDA:86,6,1,-
DA:87,0
DA:88,0
DA:91,0
FN:91,MultiUtilityNFT.createVestingStream
FNDA:0,MultiUtilityNFT.createVestingStream
DA:92,0
DA:93,0
DA:94,0
DA:97,0
FN:97,MultiUtilityNFT._mintNFT
FNDA:0,MultiUtilityNFT._mintNFT
DA:98,0
DA:99,0
DA:100,0
FNF:8
FNH:0
LF:39
LH:0
BRF:14
BRH:0
end_of_record
TN:
SF:src/~PaymentToken.sol
DA:7,0
FN:7,PaymentToken.constructor
FNDA:0,PaymentToken.constructor
DA:8,0
FNF:1
FNH:0
LF:2
LH:0
BRF:0
BRH:0
end_of_record
TN:
SF:test/MultiUtilityNFT.t.sol
DA:9,0
FN:9,MockSablier.createStream
FNDA:0,MockSablier.createStream
DA:10,0
FNF:1
FNH:0
LF:2
LH:0
BRF:0
BRH:0
end_of_record
TN:
SF:test/mock/MockSablier.sol
DA:19,0
FN:19,MockSablier.createWithDurations
FNDA:0,MockSablier.createWithDurations
DA:20,0
DA:21,0
FNF:1
FNH:0
LF:3
LH:0
BRF:0
BRH:0
end_of_record
TN:
SF:test/~MultiUtilityNFT.t.sol
DA:9,0
FN:9,MockSablier.createStream
FNDA:0,MockSablier.createStream
DA:10,0
FNF:1
FNH:0
LF:2
LH:0
BRF:0
BRH:0
end_of_record
